0 info it worked if it ends with ok
1 verbose cli [ '/usr/bin/nodejs', '/usr/bin/npm', 'install' ]
2 info using npm@1.2.18
3 info using node@v0.10.15
4 verbose read json /home/guillaume/Documents/M2-EServices/CFC/package.json
5 verbose readDependencies using package.json deps
6 verbose install where, deps [ '/home/guillaume/Documents/M2-EServices/CFC',
6 verbose install   [ 'angular',
6 verbose install     'angular-route',
6 verbose install     'angular-mocks',
6 verbose install     'express',
6 verbose install     'request' ] ]
7 verbose from cache /home/guillaume/Documents/M2-EServices/CFC/package.json
8 info preinstall CFC@0.1.0
9 verbose read json /home/guillaume/Documents/M2-EServices/CFC/node_modules/apisense.js/package.json
10 verbose read json /home/guillaume/Documents/M2-EServices/CFC/node_modules/coordinate.js/package.json
11 verbose read json /home/guillaume/Documents/M2-EServices/CFC/node_modules/express/package.json
12 verbose read json /home/guillaume/Documents/M2-EServices/CFC/node_modules/request/package.json
13 verbose read json /home/guillaume/Documents/M2-EServices/CFC/node_modules/ride.js/package.json
14 verbose read json /home/guillaume/Documents/M2-EServices/CFC/node_modules/rides_adapter.js/package.json
15 verbose from cache /home/guillaume/Documents/M2-EServices/CFC/package.json
16 verbose readDependencies using package.json deps
17 verbose read json /home/guillaume/Documents/M2-EServices/CFC/node_modules/apisense.js/package.json
18 verbose read json /home/guillaume/Documents/M2-EServices/CFC/node_modules/coordinate.js/package.json
19 verbose from cache /home/guillaume/Documents/M2-EServices/CFC/node_modules/express/package.json
20 verbose from cache /home/guillaume/Documents/M2-EServices/CFC/node_modules/request/package.json
21 verbose read json /home/guillaume/Documents/M2-EServices/CFC/node_modules/ride.js/package.json
22 verbose read json /home/guillaume/Documents/M2-EServices/CFC/node_modules/rides_adapter.js/package.json
23 verbose cache add [ 'angular-mocks@~1.3.0', null ]
24 verbose cache add name=undefined spec="angular-mocks@~1.3.0" args=["angular-mocks@~1.3.0",null]
25 verbose parsed url { protocol: null,
25 verbose parsed url   slashes: null,
25 verbose parsed url   auth: null,
25 verbose parsed url   host: null,
25 verbose parsed url   port: null,
25 verbose parsed url   hostname: null,
25 verbose parsed url   hash: null,
25 verbose parsed url   search: null,
25 verbose parsed url   query: null,
25 verbose parsed url   pathname: 'angular-mocks@~1.3.0',
25 verbose parsed url   path: 'angular-mocks@~1.3.0',
25 verbose parsed url   href: 'angular-mocks@~1.3.0' }
26 verbose cache add name="angular-mocks" spec="~1.3.0" args=["angular-mocks","~1.3.0"]
27 verbose parsed url { protocol: null,
27 verbose parsed url   slashes: null,
27 verbose parsed url   auth: null,
27 verbose parsed url   host: null,
27 verbose parsed url   port: null,
27 verbose parsed url   hostname: null,
27 verbose parsed url   hash: null,
27 verbose parsed url   search: null,
27 verbose parsed url   query: null,
27 verbose parsed url   pathname: '~1.3.0',
27 verbose parsed url   path: '~1.3.0',
27 verbose parsed url   href: '~1.3.0' }
28 verbose addNamed [ 'angular-mocks', '~1.3.0' ]
29 verbose addNamed [ null, '>=1.3.0-0 <1.4.0-0' ]
30 verbose already installed skipping express@~3.4.8 /home/guillaume/Documents/M2-EServices/CFC
31 verbose already installed skipping request@~2.33.0  /home/guillaume/Documents/M2-EServices/CFC
32 silly lockFile 8b25160a-angular-mocks-1-3-0 angular-mocks@~1.3.0
33 verbose lock angular-mocks@~1.3.0 /home/guillaume/.npm/8b25160a-angular-mocks-1-3-0.lock
34 silly addNameRange { name: 'angular-mocks',
34 silly addNameRange   range: '>=1.3.0-0 <1.4.0-0',
34 silly addNameRange   hasData: false }
35 verbose url raw angular-mocks
36 verbose url resolving [ 'https://registry.npmjs.org/', './angular-mocks' ]
37 verbose url resolved https://registry.npmjs.org/angular-mocks
38 info trying registry request attempt 1 at 10:03:57
39 http GET https://registry.npmjs.org/angular-mocks
40 verbose cache add [ 'angular@~1.3.0', null ]
41 verbose cache add name=undefined spec="angular@~1.3.0" args=["angular@~1.3.0",null]
42 verbose parsed url { protocol: null,
42 verbose parsed url   slashes: null,
42 verbose parsed url   auth: null,
42 verbose parsed url   host: null,
42 verbose parsed url   port: null,
42 verbose parsed url   hostname: null,
42 verbose parsed url   hash: null,
42 verbose parsed url   search: null,
42 verbose parsed url   query: null,
42 verbose parsed url   pathname: 'angular@~1.3.0',
42 verbose parsed url   path: 'angular@~1.3.0',
42 verbose parsed url   href: 'angular@~1.3.0' }
43 verbose cache add name="angular" spec="~1.3.0" args=["angular","~1.3.0"]
44 verbose parsed url { protocol: null,
44 verbose parsed url   slashes: null,
44 verbose parsed url   auth: null,
44 verbose parsed url   host: null,
44 verbose parsed url   port: null,
44 verbose parsed url   hostname: null,
44 verbose parsed url   hash: null,
44 verbose parsed url   search: null,
44 verbose parsed url   query: null,
44 verbose parsed url   pathname: '~1.3.0',
44 verbose parsed url   path: '~1.3.0',
44 verbose parsed url   href: '~1.3.0' }
45 verbose addNamed [ 'angular', '~1.3.0' ]
46 verbose addNamed [ null, '>=1.3.0-0 <1.4.0-0' ]
47 silly lockFile 5765fcab-angular-1-3-0 angular@~1.3.0
48 verbose lock angular@~1.3.0 /home/guillaume/.npm/5765fcab-angular-1-3-0.lock
49 verbose cache add [ 'angular-route@~1.3.0', null ]
50 verbose cache add name=undefined spec="angular-route@~1.3.0" args=["angular-route@~1.3.0",null]
51 verbose parsed url { protocol: null,
51 verbose parsed url   slashes: null,
51 verbose parsed url   auth: null,
51 verbose parsed url   host: null,
51 verbose parsed url   port: null,
51 verbose parsed url   hostname: null,
51 verbose parsed url   hash: null,
51 verbose parsed url   search: null,
51 verbose parsed url   query: null,
51 verbose parsed url   pathname: 'angular-route@~1.3.0',
51 verbose parsed url   path: 'angular-route@~1.3.0',
51 verbose parsed url   href: 'angular-route@~1.3.0' }
52 verbose cache add name="angular-route" spec="~1.3.0" args=["angular-route","~1.3.0"]
53 verbose parsed url { protocol: null,
53 verbose parsed url   slashes: null,
53 verbose parsed url   auth: null,
53 verbose parsed url   host: null,
53 verbose parsed url   port: null,
53 verbose parsed url   hostname: null,
53 verbose parsed url   hash: null,
53 verbose parsed url   search: null,
53 verbose parsed url   query: null,
53 verbose parsed url   pathname: '~1.3.0',
53 verbose parsed url   path: '~1.3.0',
53 verbose parsed url   href: '~1.3.0' }
54 verbose addNamed [ 'angular-route', '~1.3.0' ]
55 verbose addNamed [ null, '>=1.3.0-0 <1.4.0-0' ]
56 silly lockFile 9029cedf-angular-route-1-3-0 angular-route@~1.3.0
57 verbose lock angular-route@~1.3.0 /home/guillaume/.npm/9029cedf-angular-route-1-3-0.lock
58 silly addNameRange { name: 'angular', range: '>=1.3.0-0 <1.4.0-0', hasData: false }
59 silly addNameRange { name: 'angular-route',
59 silly addNameRange   range: '>=1.3.0-0 <1.4.0-0',
59 silly addNameRange   hasData: false }
60 verbose url raw angular
61 verbose url resolving [ 'https://registry.npmjs.org/', './angular' ]
62 verbose url resolved https://registry.npmjs.org/angular
63 info trying registry request attempt 1 at 10:03:57
64 http GET https://registry.npmjs.org/angular
65 verbose url raw angular-route
66 verbose url resolving [ 'https://registry.npmjs.org/', './angular-route' ]
67 verbose url resolved https://registry.npmjs.org/angular-route
68 info trying registry request attempt 1 at 10:03:57
69 http GET https://registry.npmjs.org/angular-route
70 info retry will retry, error on last attempt: Error: CERT_UNTRUSTED
71 info retry will retry, error on last attempt: Error: CERT_UNTRUSTED
72 info retry will retry, error on last attempt: Error: CERT_UNTRUSTED
73 info trying registry request attempt 2 at 10:04:07
74 http GET https://registry.npmjs.org/angular
75 info trying registry request attempt 2 at 10:04:07
76 http GET https://registry.npmjs.org/angular-mocks
77 info trying registry request attempt 2 at 10:04:07
78 http GET https://registry.npmjs.org/angular-route
79 info retry will retry, error on last attempt: Error: CERT_UNTRUSTED
80 info retry will retry, error on last attempt: Error: CERT_UNTRUSTED
81 info retry will retry, error on last attempt: Error: CERT_UNTRUSTED
82 info trying registry request attempt 3 at 10:05:08
83 http GET https://registry.npmjs.org/angular
84 info trying registry request attempt 3 at 10:05:08
85 http GET https://registry.npmjs.org/angular-mocks
86 info trying registry request attempt 3 at 10:05:08
87 http GET https://registry.npmjs.org/angular-route
88 silly lockFile 9029cedf-angular-route-1-3-0 angular-route@~1.3.0
89 silly lockFile 9029cedf-angular-route-1-3-0 angular-route@~1.3.0
90 error Error: CERT_UNTRUSTED
90 error     at SecurePair.<anonymous> (tls.js:1350:32)
90 error     at SecurePair.EventEmitter.emit (events.js:92:17)
90 error     at SecurePair.maybeInitFinished (tls.js:963:10)
90 error     at CleartextStream.read [as _read] (tls.js:463:15)
90 error     at CleartextStream.Readable.read (_stream_readable.js:320:10)
90 error     at EncryptedStream.write [as _write] (tls.js:366:25)
90 error     at doWrite (_stream_writable.js:219:10)
90 error     at writeOrBuffer (_stream_writable.js:209:5)
90 error     at EncryptedStream.Writable.write (_stream_writable.js:180:11)
90 error     at write (_stream_readable.js:573:24)
90 error     at flow (_stream_readable.js:582:7)
90 error     at Socket.pipeOnReadable (_stream_readable.js:614:5)
91 error If you need help, you may report this log at:
91 error     <http://bugs.debian.org/npm>
91 error or use
91 error     reportbug --attach /home/guillaume/Documents/M2-EServices/CFC/npm-debug.log npm
92 error System Linux 3.11.0-12-generic
93 error command "/usr/bin/nodejs" "/usr/bin/npm" "install"
94 error cwd /home/guillaume/Documents/M2-EServices/CFC
95 error node -v v0.10.15
96 error npm -v 1.2.18
97 verbose exit [ 1, true ]
